1744040569239	geckodriver	INFO	Listening on 127.0.0.1:50437
1744040572349	mozrunner::runner	INFO	Running command: "C:\\Program Files\\Mozilla Firefox\\firefox.exe" "--marionette" "--remote-debugging-port" "50438" "--remote-allow-hosts" "localhost" "-no-remote" "-profile" "C:\\Users\\batuh\\AppData\\Local\\Temp\\rust_mozprofile7FSSAJ"
console.warn: services.settings: Ignoring preference override of remote settings server
console.warn: services.settings: Allow by setting MOZ_REMOTE_SETTINGS_DEVTOOLS=1 in the environment
Dynamically enable window occlusion 0
1744040573013	Marionette	INFO	Marionette enabled
1744040573244	Marionette	INFO	Listening on port 50446
WebDriver BiDi listening on ws://127.0.0.1:50438
Read port: 50446
1744040573527	RemoteAgent	WARN	TLS certificate errors will be ignored for this session
1744040588506	Marionette	WARN	Ignoring event 'pageshow' because document has an invalid readyState of 'uninitialized'.
JavaScript warning: https://www.google.com/search?client=firefox-b-d&q=y%C3%B6k+atlas, line 4839: unreachable code after return statement
JavaScript warning: https://www.google.com/search?client=firefox-b-d&q=y%C3%B6k+atlas, line 4839: unreachable code after return statement
JavaScript warning: https://www.google.com/search?client=firefox-b-d&q=y%C3%B6k+atlas, line 4839: unreachable code after return statement
JavaScript warning: https://www.google.com/search?client=firefox-b-d&q=y%C3%B6k+atlas, line 4839: unreachable code after return statement
JavaScript warning: https://www.google.com/search?client=firefox-b-d&q=y%C3%B6k+atlas, line 4839: unreachable code after return statement
JavaScript warning: https://www.google.com/search?client=firefox-b-d&q=y%C3%B6k+atlas, line 4839: unreachable code after return statement
JavaScript warning: https://www.google.com/search?client=firefox-b-d&q=y%C3%B6k+atlas, line 4839: unreachable code after return statement
JavaScript warning: https://www.google.com/search?client=firefox-b-d&q=y%C3%B6k+atlas, line 4839: unreachable code after return statement
JavaScript warning: https://www.google.com/search?client=firefox-b-d&q=y%C3%B6k+atlas, line 4839: unreachable code after return statement
1744040612593	Marionette	WARN	Ignoring event 'pageshow' because document has an invalid readyState of 'interactive'.
JavaScript warning: https://www.google.com/search?client=firefox-b-d&q=y%C3%B6k+atlas line 2 > eval, line 4839: unreachable code after return statement
JavaScript warning: https://www.google.com/search?client=firefox-b-d&q=y%C3%B6k+atlas line 2 > eval, line 4839: unreachable code after return statement
JavaScript warning: https://www.google.com/search?client=firefox-b-d&q=y%C3%B6k+atlas line 2 > eval, line 4839: unreachable code after return statement
JavaScript warning: https://www.google.com/search?client=firefox-b-d&q=y%C3%B6k+atlas line 2 > eval, line 4839: unreachable code after return statement
JavaScript warning: https://www.google.com/search?client=firefox-b-d&q=y%C3%B6k+atlas line 2 > eval, line 1: unreachable code after return statement
JavaScript warning: https://www.google.com/search?client=firefox-b-d&q=y%C3%B6k+atlas line 2 > eval line 4839 > eval, line 1: unreachable code after return statement
JavaScript warning: https://www.google.com/search?client=firefox-b-d&q=y%C3%B6k+atlas line 2 > eval line 4839 > eval, line 1: unreachable code after return statement
JavaScript warning: https://www.google.com/search?client=firefox-b-d&q=y%C3%B6k+atlas line 2 > eval line 4839 > eval line 1 > eval, line 1: unreachable code after return statement
JavaScript warning: https://www.google.com/search?client=firefox-b-d&q=y%C3%B6k+atlas line 2 > eval line 4839 > eval line 1 > eval, line 1: unreachable code after return statement
JavaScript warning: https://www.google.com/search?client=firefox-b-d&q=y%C3%B6k+atlas line 2 > eval line 4839 > eval line 1 > eval, line 1: unreachable code after return statement
JavaScript warning: https://www.google.com/search?client=firefox-b-d&q=y%C3%B6k+atlas line 2 > eval line 4839 > eval line 1 > eval, line 1: unreachable code after return statement
JavaScript warning: https://www.google.com/search?client=firefox-b-d&q=y%C3%B6k+atlas line 2 > eval line 4839 > eval line 1 > eval line 1 > eval, line 1: unreachable code after return statement
JavaScript warning: https://www.google.com/search?client=firefox-b-d&q=y%C3%B6k+atlas line 2 > eval line 4839 > eval line 1 > eval line 1 > eval, line 1: unreachable code after return statement
JavaScript warning: https://www.google.com/search?client=firefox-b-d&q=y%C3%B6k+atlas line 2 > eval line 4839 > eval line 1 > eval line 1 > eval, line 1: unreachable code after return statement
1744040612693	Marionette	WARN	Ignoring event 'DOMContentLoaded' because document has an invalid readyState of 'complete'.
JavaScript error: https://www.google.com/sorry/index?continue=https://www.google.com/search%3Fclient%3Dfirefox-b-d%26q%3Dy%25C3%25B6k%2Batlas%26sei%3Do_LzZ4zIOaDTwPAP84azmQ8&q=EgRY5kYUGKTlz78GIjDtVg00CgTeNjYG7cAo6uh6b-8Cn8v0xFKCvBNTY9I9WHMBbMqCPYqGGQBFs25ohXEyAnJSWgFD, line 1: ReferenceError: solveSimpleChallenge is not defined
JavaScript warning: https://www.youtube.com/embed/?enablejsapi=1&rel=0&autoplay=0&playsinline=1&expflag=embeds_enable_muted_autoplay%3Atrue&fs=1&hl= line 863 > injectedScript, line 3086: unreachable code after return statement
JavaScript warning: https://www.youtube.com/embed/?enablejsapi=1&rel=0&autoplay=0&playsinline=1&expflag=embeds_enable_muted_autoplay%3Atrue&fs=1&hl= line 863 > injectedScript, line 3086: unreachable code after return statement
JavaScript warning: https://www.youtube.com/embed/?enablejsapi=1&rel=0&autoplay=0&playsinline=1&expflag=embeds_enable_muted_autoplay%3Atrue&fs=1&hl= line 863 > injectedScript, line 3086: unreachable code after return statement
JavaScript warning: https://www.youtube.com/embed/?enablejsapi=1&rel=0&autoplay=0&playsinline=1&expflag=embeds_enable_muted_autoplay%3Atrue&fs=1&hl= line 863 > injectedScript, line 3086: unreachable code after return statement
JavaScript warning: https://www.youtube.com/embed/?enablejsapi=1&rel=0&autoplay=0&playsinline=1&expflag=embeds_enable_muted_autoplay%3Atrue&fs=1&hl= line 863 > injectedScript, line 3086: unreachable code after return statement
JavaScript warning: https://www.youtube.com/embed/?enablejsapi=1&rel=0&autoplay=0&playsinline=1&expflag=embeds_enable_muted_autoplay%3Atrue&fs=1&hl= line 863 > injectedScript, line 3086: unreachable code after return statement
JavaScript warning: https://www.youtube.com/embed/?enablejsapi=1&rel=0&autoplay=0&playsinline=1&expflag=embeds_enable_muted_autoplay%3Atrue&fs=1&hl= line 863 > injectedScript, line 3086: unreachable code after return statement
JavaScript warning: https://www.youtube.com/embed/?enablejsapi=1&rel=0&autoplay=0&playsinline=1&expflag=embeds_enable_muted_autoplay%3Atrue&fs=1&hl= line 863 > injectedScript line 2 > eval, line 3086: unreachable code after return statement
JavaScript warning: https://www.youtube.com/embed/?enablejsapi=1&rel=0&autoplay=0&playsinline=1&expflag=embeds_enable_muted_autoplay%3Atrue&fs=1&hl= line 863 > injectedScript line 2 > eval, line 3086: unreachable code after return statement
JavaScript warning: https://www.youtube.com/embed/?enablejsapi=1&rel=0&autoplay=0&playsinline=1&expflag=embeds_enable_muted_autoplay%3Atrue&fs=1&hl= line 863 > injectedScript line 2 > eval, line 3086: unreachable code after return statement
JavaScript warning: https://www.youtube.com/embed/?enablejsapi=1&rel=0&autoplay=0&playsinline=1&expflag=embeds_enable_muted_autoplay%3Atrue&fs=1&hl= line 863 > injectedScript line 2 > eval, line 3086: unreachable code after return statement
JavaScript warning: https://www.youtube.com/embed/?enablejsapi=1&rel=0&autoplay=0&playsinline=1&expflag=embeds_enable_muted_autoplay%3Atrue&fs=1&hl= line 863 > injectedScript line 2 > eval, line 1: unreachable code after return statement
JavaScript warning: https://www.youtube.com/embed/?enablejsapi=1&rel=0&autoplay=0&playsinline=1&expflag=embeds_enable_muted_autoplay%3Atrue&fs=1&hl= line 863 > injectedScript line 2 > eval line 3086 > eval, line 1: unreachable code after return statement
JavaScript warning: https://www.youtube.com/embed/?enablejsapi=1&rel=0&autoplay=0&playsinline=1&expflag=embeds_enable_muted_autoplay%3Atrue&fs=1&hl= line 863 > injectedScript line 2 > eval, line 1: unreachable code after return statement
JavaScript warning: https://www.youtube.com/embed/?enablejsapi=1&rel=0&autoplay=0&playsinline=1&expflag=embeds_enable_muted_autoplay%3Atrue&fs=1&hl= line 863 > injectedScript line 2 > eval line 3086 > eval, line 1: unreachable code after return statement
JavaScript warning: https://www.youtube.com/embed/?enablejsapi=1&rel=0&autoplay=0&playsinline=1&expflag=embeds_enable_muted_autoplay%3Atrue&fs=1&hl= line 863 > injectedScript line 2 > eval line 3086 > eval, line 1: unreachable code after return statement
JavaScript warning: https://www.youtube.com/embed/?enablejsapi=1&rel=0&autoplay=0&playsinline=1&expflag=embeds_enable_muted_autoplay%3Atrue&fs=1&hl= line 863 > injectedScript line 2 > eval line 3086 > eval line 1 > eval, line 1: unreachable code after return statement
JavaScript warning: https://www.youtube.com/embed/?enablejsapi=1&rel=0&autoplay=0&playsinline=1&expflag=embeds_enable_muted_autoplay%3Atrue&fs=1&hl= line 863 > injectedScript line 2 > eval, line 3086: unreachable code after return statement
JavaScript warning: https://www.youtube.com/embed/?enablejsapi=1&rel=0&autoplay=0&playsinline=1&expflag=embeds_enable_muted_autoplay%3Atrue&fs=1&hl= line 863 > injectedScript line 2 > eval, line 3086: unreachable code after return statement
JavaScript warning: https://www.youtube.com/embed/?enablejsapi=1&rel=0&autoplay=0&playsinline=1&expflag=embeds_enable_muted_autoplay%3Atrue&fs=1&hl= line 863 > injectedScript line 2 > eval, line 3086: unreachable code after return statement
JavaScript warning: https://www.youtube.com/embed/?enablejsapi=1&rel=0&autoplay=0&playsinline=1&expflag=embeds_enable_muted_autoplay%3Atrue&fs=1&hl= line 863 > injectedScript line 2 > eval line 3086 > eval line 1 > eval, line 1: unreachable code after return statement
JavaScript warning: https://www.youtube.com/embed/?enablejsapi=1&rel=0&autoplay=0&playsinline=1&expflag=embeds_enable_muted_autoplay%3Atrue&fs=1&hl= line 863 > injectedScript line 2 > eval line 3086 > eval line 1 > eval, line 1: unreachable code after return statement
JavaScript warning: https://www.youtube.com/embed/?enablejsapi=1&rel=0&autoplay=0&playsinline=1&expflag=embeds_enable_muted_autoplay%3Atrue&fs=1&hl= line 863 > injectedScript line 2 > eval line 3086 > eval line 1 > eval, line 1: unreachable code after return statement
JavaScript warning: https://www.youtube.com/embed/?enablejsapi=1&rel=0&autoplay=0&playsinline=1&expflag=embeds_enable_muted_autoplay%3Atrue&fs=1&hl= line 863 > injectedScript line 2 > eval line 3086 > eval line 1 > eval line 1 > eval, line 1: unreachable code after return statement
JavaScript warning: https://www.youtube.com/embed/?enablejsapi=1&rel=0&autoplay=0&playsinline=1&expflag=embeds_enable_muted_autoplay%3Atrue&fs=1&hl= line 863 > injectedScript line 2 > eval line 3086 > eval line 1 > eval line 1 > eval, line 1: unreachable code after return statement
JavaScript warning: https://www.youtube.com/embed/?enablejsapi=1&rel=0&autoplay=0&playsinline=1&expflag=embeds_enable_muted_autoplay%3Atrue&fs=1&hl= line 863 > injectedScript line 2 > eval line 3086 > eval line 1 > eval line 1 > eval, line 1: unreachable code after return statement
JavaScript warning: https://www.gstatic.com/og/_/js/k=og.asy.en_US.JqNqKRjzu4s.2019.O/rt=j/m=_ac,_awd,ada,lldp,qads/exm=/d=1/ed=1/rs=AA2YrTvRSU-DoP5wWmUB1mJC4hLIxFBVcw, line 105: Script terminated by timeout at:
b@https://www.gstatic.com/og/_/js/k=og.asy.en_US.JqNqKRjzu4s.2019.O/rt=j/m=_ac,_awd,ada,lldp,qads/exm=/d=1/ed=1/rs=AA2YrTvRSU-DoP5wWmUB1mJC4hLIxFBVcw:105:462

JavaScript warning: https://www.youtube.com/s/player/73381ccc/www-embed-player.vflset/www-embed-player.js, line 954: Script terminated by timeout at:
T@https://www.youtube.com/s/player/73381ccc/www-embed-player.vflset/www-embed-player.js:954:225
@https://www.youtube.com/s/player/73381ccc/www-embed-player.vflset/www-embed-player.js:2001:52
gm/<@https://www.youtube.com/s/player/73381ccc/www-embed-player.vflset/www-embed-player.js:933:63

1744040648942	Marionette	WARN	Ignoring event 'pageshow' because document has an invalid readyState of 'uninitialized'.
1744040661271	Marionette	WARN	Ignoring event 'pageshow' because document has an invalid readyState of 'uninitialized'.
1744040662450	Marionette	WARN	Ignoring event 'pageshow' because document has an invalid readyState of 'uninitialized'.
1744040688432	Marionette	WARN	Ignoring event 'pageshow' because document has an invalid readyState of 'interactive'.
1744040691565	Marionette	INFO	Stopped listening on port 50446
Dynamically enable window occlusion 1
1744109919225	geckodriver	INFO	Listening on 127.0.0.1:62045
1744109922302	mozrunner::runner	INFO	Running command: "C:\\Program Files\\Mozilla Firefox\\firefox.exe" "--marionette" "-headless" "--remote-debugging-port" "62046" "--remote-allow-hosts" "localhost" "-no-remote" "-profile" "C:\\Users\\batuh\\AppData\\Local\\Temp\\rust_mozprofilexKtgNF"
*** You are running in headless mode.
console.warn: services.settings: Ignoring preference override of remote settings server
console.warn: services.settings: Allow by setting MOZ_REMOTE_SETTINGS_DEVTOOLS=1 in the environment
Dynamically enable window occlusion 0
1744109922984	Marionette	INFO	Marionette enabled
1744109923155	Marionette	INFO	Listening on port 62057
WebDriver BiDi listening on ws://127.0.0.1:62046
Read port: 62057
1744109923380	RemoteAgent	WARN	TLS certificate errors will be ignored for this session
[GFX1-]: RenderCompositorSWGL failed mapping default framebuffer, no dt
console.error: ({})
1744109936104	Marionette	WARN	Ignoring event 'pageshow' because document has an invalid readyState of 'uninitialized'.
